<?xml version="1.0" encoding="UTF-8"?>
<!-- Generated by org.testng.reporters.JUnitReportReporter -->
<testsuite skipped="0" hostname="Chowdary" name="TestCases.LoginPageTest" tests="1" failures="0" timestamp="03 Mar 2018 10:31:53 GMT" time="34.830" errors="0">
  <testcase name="verifyLogin" time="34.830" classname="TestCases.LoginPageTest"/>
</testsuite> <!-- TestCases.LoginPageTest -->
