<?xml version="1.0" encoding="UTF-8"?>
<!-- Generated by org.testng.reporters.JUnitReportReporter -->
<testsuite skipped="0" hostname="Chowdary" name="TestCases.ProductsPageTest" tests="1" failures="0" timestamp="06 Mar 2018 07:10:18 GMT" time="58.651" errors="0">
  <testcase name="verfyCreateProducts" time="58.651" classname="TestCases.ProductsPageTest"/>
</testsuite> <!-- TestCases.ProductsPageTest -->
