<?xml version="1.0" encoding="UTF-8"?>
<!-- Generated by org.testng.reporters.JUnitReportReporter -->
<testsuite skipped="0" hostname="Chowdary" name="TestCases.LoginPageTest" tests="1" failures="0" timestamp="28 Feb 2018 07:24:00 GMT" time="25.388" errors="0">
  <testcase name="verifyLogin" time="25.388" classname="TestCases.LoginPageTest"/>
</testsuite> <!-- TestCases.LoginPageTest -->
