<?xml version="1.0" encoding="UTF-8"?>
<!-- Generated by org.testng.reporters.JUnitReportReporter -->
<testsuite skipped="0" hostname="Chowdary" name="TestCases.HomePageTest" tests="1" failures="0" timestamp="28 Feb 2018 15:42:21 GMT" time="38.695" errors="0">
  <testcase name="veryLogoutFunctionality" time="38.695" classname="TestCases.HomePageTest"/>
</testsuite> <!-- TestCases.HomePageTest -->
