<?xml version="1.0" encoding="UTF-8"?>
<!-- Generated by org.testng.reporters.JUnitReportReporter -->
<testsuite skipped="0" hostname="Chowdary" name="tests.LoginPageTest" tests="1" failures="0" timestamp="28 Feb 2018 06:28:50 GMT" time="58.633" errors="0">
  <testcase name="verifyLogin" time="58.633" classname="tests.LoginPageTest"/>
</testsuite> <!-- tests.LoginPageTest -->
