<?xml version="1.0" encoding="UTF-8"?>
<!-- Generated by org.testng.reporters.JUnitReportReporter -->
<testsuite skipped="0" hostname="Chowdary" name="TestCases.NewCompanyPageTest" tests="2" failures="0" timestamp="03 Mar 2018 10:30:57 GMT" time="20.062" errors="0">
  <testcase name="verfyNewCompanyFeature" time="9.571" classname="TestCases.NewCompanyPageTest"/>
  <testcase name="verfyNewCompanyFeature" time="10.491" classname="TestCases.NewCompanyPageTest"/>
</testsuite> <!-- TestCases.NewCompanyPageTest -->
