<?xml version="1.0" encoding="UTF-8"?>
<!-- Generated by org.testng.reporters.JUnitReportReporter -->
<testsuite skipped="0" hostname="Chowdary" name="TestCases.HomePageTest" tests="1" failures="0" timestamp="03 Mar 2018 10:48:22 GMT" time="23.585" errors="0">
  <testcase name="veryfyLogoutFunctionality" time="23.585" classname="TestCases.HomePageTest"/>
</testsuite> <!-- TestCases.HomePageTest -->
