<?xml version="1.0" encoding="UTF-8"?>
<!-- Generated by org.testng.reporters.JUnitReportReporter -->
<testsuite skipped="0" hostname="Chowdary" name="TestCases.NewCompanyPageTest" tests="2" failures="0" timestamp="06 Mar 2018 05:00:06 GMT" time="86.974" errors="0">
  <testcase name="verfyNewCompanyFeature" time="36.704" classname="TestCases.NewCompanyPageTest"/>
  <testcase name="verfyNewCompanyFeature" time="50.270" classname="TestCases.NewCompanyPageTest"/>
</testsuite> <!-- TestCases.NewCompanyPageTest -->
